<?xml version="1.0" encoding="UTF-8"?>
<Site BuildName="Linux-g++"
	BuildStamp="20231214-0603-Experimental"
	Name="chuuya"
	Generator="ctest-3.28.0"
	CompilerName="/usr/bin/g++"
	CompilerVersion=""
	OSName="Linux"
	Hostname="chuuya"
	OSRelease="6.6.6-arch1-1"
	OSVersion="#1 SMP PREEMPT_DYNAMIC Mon, 11 Dec 2023 11:48:23 +0000"
	OSPlatform="x86_64"
	Is64Bits="1"
	VendorString="AuthenticAMD"
	VendorID="Advanced Micro Devices"
	FamilyID="23"
	ModelID="160"
	ProcessorCacheSize="512"
	NumberOfLogicalCPU="8"
	NumberOfPhysicalCPU="4"
	TotalVirtualMemory="9011"
	TotalPhysicalMemory="7171"
	LogicalProcessorsPerPhysical="2"
	ProcessorClockFrequency="4184.93"
	>
	<Testing>
		<StartDateTime>Dec 14 11:52 IST</StartDateTime>
		<StartTestTime>1702534974</StartTestTime>
		<TestList/>
		<EndDateTime>Dec 14 11:52 IST</EndDateTime>
		<EndTestTime>1702534974</EndTestTime>
		<ElapsedMinutes>0</ElapsedMinutes>
	</Testing>
</Site>
